<?xml version="1.0" encoding="UTF-8"?>
<!-- Generated by org.testng.reporters.JUnitReportReporter -->
<testsuite hostname="vkzoomin996" failures="0" tests="1" name="Javapack.Appending0satlast" time="0.008" errors="0" timestamp="2023-10-22T21:31:24 IST" skipped="0">
  <testcase classname="Javapack.Appending0satlast" name="Appending0satlast" time="0.008"/>
  <system-out/>
</testsuite> <!-- Javapack.Appending0satlast -->
