<?xml version="1.0" encoding="UTF-8"?>
<!-- Generated by org.testng.reporters.JUnitReportReporter -->
<testsuite hostname="vkzoomin996" failures="0" tests="1" name="Collection.Set" time="0.006" errors="0" timestamp="2023-10-22T19:28:58 IST" skipped="0">
  <testcase classname="Collection.Set" name="set" time="0.006"/>
  <system-out/>
</testsuite> <!-- Collection.Set -->
