<?xml version="1.0" encoding="UTF-8"?>
<!-- Generated by org.testng.reporters.JUnitReportReporter -->
<testsuite hostname="vkzoomin996" failures="0" tests="1" name="Javapack.Sumof1st3maxno" time="0.005" errors="0" timestamp="2023-08-28T21:28:49 IST" skipped="0">
  <testcase classname="Javapack.Sumof1st3maxno" name="sumof1st3maxnousingbubblesort" time="0.005"/>
  <system-out/>
</testsuite> <!-- Javapack.Sumof1st3maxno -->
