<?xml version="1.0" encoding="UTF-8"?>
<!-- Generated by org.testng.reporters.JUnitReportReporter -->
<testsuite hostname="vkzoomin996" failures="0" tests="1" name="Addingof2arrays" time="0.009" errors="0" timestamp="2023-11-10T15:16:59 IST" skipped="0">
  <testcase classname="Addingof2arrays" name="addingof2arrays" time="0.009"/>
  <system-out/>
</testsuite> <!-- Addingof2arrays -->
