<?xml version="1.0" encoding="UTF-8"?>
<!-- Generated by org.testng.reporters.JUnitReportReporter -->
<testsuite hostname="vkzoomin996" failures="0" tests="1" name="Javapack.Addingof2arrays" time="0.006" errors="0" timestamp="2023-11-06T10:21:27 IST" skipped="0">
  <testcase classname="Javapack.Addingof2arrays" name="addingof2arrays" time="0.006"/>
  <system-out/>
</testsuite> <!-- Javapack.Addingof2arrays -->
