<?xml version="1.0" encoding="UTF-8"?>
<!-- Generated by org.testng.reporters.JUnitReportReporter -->
<testsuite hostname="vkzoomin996" failures="0" tests="1" name="StringsPrgms.Print_Max_Lenth_of_an_String_using_Array2" time="0.007" errors="0" timestamp="2023-11-15T22:28:09 IST" skipped="0">
  <testcase classname="StringsPrgms.Print_Max_Lenth_of_an_String_using_Array2" name="print_Lenth_of_an_String" time="0.007"/>
  <system-out/>
</testsuite> <!-- StringsPrgms.Print_Max_Lenth_of_an_String_using_Array2 -->
