<?xml version="1.0" encoding="UTF-8"?>
<!-- Generated by org.testng.reporters.JUnitReportReporter -->
<testsuite hostname="vkzoomin996" failures="0" tests="1" name="Javapack.Sortanarrayindescorder" time="0.005" errors="0" timestamp="2023-08-23T11:02:14 IST" skipped="0">
  <testcase classname="Javapack.Sortanarrayindescorder" name="sortinganarrayindecndingOrder" time="0.005"/>
  <system-out/>
</testsuite> <!-- Javapack.Sortanarrayindescorder -->
