<?xml version="1.0" encoding="UTF-8"?>
<!-- Generated by org.testng.reporters.JUnitReportReporter -->
<testsuite hostname="vkzoomin996" failures="0" tests="1" name="Javapack.SecondmaxArray" time="0.007" errors="0" timestamp="2023-10-02T22:11:09 IST" skipped="0">
  <testcase classname="Javapack.SecondmaxArray" name="secondmaxArray" time="0.007"/>
  <system-out/>
</testsuite> <!-- Javapack.SecondmaxArray -->
