<?xml version="1.0" encoding="UTF-8"?>
<!-- Generated by org.testng.reporters.JUnitReportReporter -->
<testsuite hostname="vkzoomin996" failures="0" tests="1" name="StringsPrgms.Countnoofduplicateinanstring" time="0.006" errors="0" timestamp="2023-10-23T21:31:09 IST" skipped="0">
  <testcase classname="StringsPrgms.Countnoofduplicateinanstring" name="countnoofduplicateinanstringmap1" time="0.006"/>
  <system-out/>
</testsuite> <!-- StringsPrgms.Countnoofduplicateinanstring -->
