<?xml version="1.0" encoding="UTF-8"?>
<!-- Generated by org.testng.reporters.JUnitReportReporter -->
<testsuite hostname="vkzoomin996" failures="0" tests="1" name="Javapack.Swapping2nowithoutusing3rd" time="0.011" errors="0" timestamp="2023-10-08T22:04:30 IST" skipped="0">
  <testcase classname="Javapack.Swapping2nowithoutusing3rd" name="swaping2nowithoutusing3rdvariable" time="0.011"/>
  <system-out/>
</testsuite> <!-- Javapack.Swapping2nowithoutusing3rd -->
