<?xml version="1.0" encoding="UTF-8"?>
<!-- Generated by org.testng.reporters.JUnitReportReporter -->
<testsuite hostname="vkzoomin996" failures="0" tests="1" name="Collection.LinkedHashset" time="0.008" errors="0" timestamp="2023-10-29T15:19:54 IST" skipped="0">
  <testcase classname="Collection.LinkedHashset" name="how_to_find_Length_without_length_method" time="0.008"/>
  <system-out/>
</testsuite> <!-- Collection.LinkedHashset -->
