<?xml version="1.0" encoding="UTF-8"?>
<!-- Generated by org.testng.reporters.JUnitReportReporter -->
<testsuite hostname="vkzoomin996" failures="0" tests="1" name="StringsPrgms.Printpositionofeachcharinreverse" time="0.010" errors="0" timestamp="2023-11-15T22:31:40 IST" skipped="0">
  <testcase classname="StringsPrgms.Printpositionofeachcharinreverse" name="printpositionofeachcharinreverse" time="0.010"/>
  <system-out/>
</testsuite> <!-- StringsPrgms.Printpositionofeachcharinreverse -->
