<?xml version="1.0" encoding="UTF-8"?>
<!-- Generated by org.testng.reporters.JUnitReportReporter -->
<testsuite hostname="vkzoomin996" failures="0" tests="1" name="Printnosinthegivenformat" time="0.005" errors="0" timestamp="2023-10-29T15:16:15 IST" skipped="0">
  <testcase classname="Printnosinthegivenformat" name="printnosinthegivenformat" time="0.005"/>
  <system-out/>
</testsuite> <!-- Printnosinthegivenformat -->
