<?xml version="1.0" encoding="UTF-8"?>
<!-- Generated by org.testng.reporters.JUnitReportReporter -->
<testsuite hostname="vkzoomin996" failures="0" tests="1" name="Spa" time="0.010" errors="0" timestamp="2023-11-10T17:21:29 IST" skipped="0">
  <testcase classname="Spa" name="njg" time="0.010"/>
  <system-out/>
</testsuite> <!-- Spa -->
