<?xml version="1.0" encoding="UTF-8"?>
<!-- Generated by org.testng.reporters.JUnitReportReporter -->
<testsuite hostname="vkzoomin996" failures="0" tests="2" name="Javapack.secindmax" time="0.010" errors="0" timestamp="2023-10-08T21:57:29 IST" skipped="0">
  <testcase classname="Javapack.secindmax" name="secindmax" time="0.008"/>
  <system-out/>
  <testcase classname="Javapack.secindmax" name="secindmin" time="0.002"/>
  <system-out/>
</testsuite> <!-- Javapack.secindmax -->
