<?xml version="1.0" encoding="UTF-8"?>
<!-- Generated by org.testng.reporters.JUnitReportReporter -->
<testsuite hostname="vkzoomin996" failures="0" tests="1" name="Javapack.Appending0atLast" time="0.005" errors="0" timestamp="2023-11-14T21:39:30 IST" skipped="0">
  <testcase classname="Javapack.Appending0atLast" name="appending" time="0.005"/>
  <system-out/>
</testsuite> <!-- Javapack.Appending0atLast -->
