<?xml version="1.0" encoding="UTF-8"?>
<!-- Generated by org.testng.reporters.JUnitReportReporter -->
<testsuite hostname="vkzoomin996" failures="0" tests="1" name="Collection.Linkedlist" time="0.008" errors="0" timestamp="2023-11-07T22:11:08 IST" skipped="0">
  <testcase classname="Collection.Linkedlist" name="linkedlist" time="0.008"/>
  <system-out/>
</testsuite> <!-- Collection.Linkedlist -->
