<?xml version="1.0" encoding="UTF-8"?>
<!-- Generated by org.testng.reporters.JUnitReportReporter -->
<testsuite hostname="vkzoomin996" failures="0" tests="1" name="Javapack.Firstand2ndmaxnowithoutbbsort" time="0.008" errors="0" timestamp="2023-11-14T21:50:23 IST" skipped="0">
  <testcase classname="Javapack.Firstand2ndmaxnowithoutbbsort" name="firstand2ndmaxnowithoutbbsort" time="0.008"/>
  <system-out/>
</testsuite> <!-- Javapack.Firstand2ndmaxnowithoutbbsort -->
