<?xml version="1.0" encoding="UTF-8"?>
<!-- Generated by org.testng.reporters.JUnitReportReporter -->
<testsuite hostname="vkzoomin996" failures="0" tests="1" name="Javapack.CountHowmanyTimesDuplicatesnoisRepeatingInanArray" time="0.005" errors="0" timestamp="2023-11-06T10:28:46 IST" skipped="0">
  <testcase classname="Javapack.CountHowmanyTimesDuplicatesnoisRepeatingInanArray" name="countHowmanyTimesDuplicatesnoisRepeatingInanArray1" time="0.005"/>
  <system-out/>
</testsuite> <!-- Javapack.CountHowmanyTimesDuplicatesnoisRepeatingInanArray -->
