<?xml version="1.0" encoding="UTF-8"?>
<!-- Generated by org.testng.reporters.JUnitReportReporter -->
<testsuite hostname="vkzoomin996" failures="0" tests="1" name="StringsPrgms.Swap1srandlastWordInAString" time="0.008" errors="0" timestamp="2023-10-29T18:38:10 IST" skipped="0">
  <testcase classname="StringsPrgms.Swap1srandlastWordInAString" name="swap1srandlastWordInAString" time="0.008"/>
  <system-out/>
</testsuite> <!-- StringsPrgms.Swap1srandlastWordInAString -->
