<?xml version="1.0" encoding="UTF-8"?>
<!-- Generated by org.testng.reporters.JUnitReportReporter -->
<testsuite hostname="vkzoomin996" failures="0" tests="1" name="Javapack.Arraya3b2cd2" time="0.005" errors="0" timestamp="2023-11-14T21:41:47 IST" skipped="0">
  <testcase classname="Javapack.Arraya3b2cd2" name="arrayaaabbcdd" time="0.005"/>
  <system-out/>
</testsuite> <!-- Javapack.Arraya3b2cd2 -->
