<?xml version="1.0" encoding="UTF-8"?>
<!-- Generated by org.testng.reporters.JUnitReportReporter -->
<testsuite hostname="vkzoomin996" failures="0" tests="1" name="Fmaxandsmax" time="0.007" errors="0" timestamp="2023-11-10T15:36:52 IST" skipped="0">
  <testcase classname="Fmaxandsmax" name="fmaxandsmax" time="0.007"/>
  <system-out/>
</testsuite> <!-- Fmaxandsmax -->
