<?xml version="1.0" encoding="UTF-8"?>
<!-- Generated by org.testng.reporters.JUnitReportReporter -->
<testsuite hostname="vkzoomin996" failures="0" tests="1" name="Javapack.RemoveduplicatesinArrayusingcollection" time="0.006" errors="0" timestamp="2023-11-14T22:14:41 IST" skipped="0">
  <testcase classname="Javapack.RemoveduplicatesinArrayusingcollection" name="removeduplcatewithoutusingcollection" time="0.006"/>
  <system-out/>
</testsuite> <!-- Javapack.RemoveduplicatesinArrayusingcollection -->
