<?xml version="1.0" encoding="UTF-8"?>
<!-- Generated by org.testng.reporters.JUnitReportReporter -->
<testsuite hostname="vkzoomin996" failures="0" tests="1" name="Javapack.Reverse" time="0.006" errors="0" timestamp="2023-11-14T22:18:26 IST" skipped="0">
  <testcase classname="Javapack.Reverse" name="how_to_remove_spl_char_string" time="0.006"/>
  <system-out/>
</testsuite> <!-- Javapack.Reverse -->
