<?xml version="1.0" encoding="UTF-8"?>
<!-- Generated by org.testng.reporters.JUnitReportReporter -->
<testsuite hostname="vkzoomin996" failures="0" tests="1" name="StringsPrgms.Occrence" time="0.009" errors="0" timestamp="2023-11-15T22:24:03 IST" skipped="0">
  <testcase classname="StringsPrgms.Occrence" name="occrenc1" time="0.009"/>
  <system-out/>
</testsuite> <!-- StringsPrgms.Occrence -->
