<?xml version="1.0" encoding="UTF-8"?>
<!-- Generated by org.testng.reporters.JUnitReportReporter -->
<testsuite hostname="vkzoomin996" failures="0" tests="1" name="StringsPrgms.Occrenceofeachcharcter" time="0.008" errors="0" timestamp="2023-10-23T21:45:42 IST" skipped="0">
  <testcase classname="StringsPrgms.Occrenceofeachcharcter" name="occrenceofeachcharcterusinghashset1" time="0.008"/>
  <system-out/>
</testsuite> <!-- StringsPrgms.Occrenceofeachcharcter -->
