<?xml version="1.0" encoding="UTF-8"?>
<!-- Generated by org.testng.reporters.JUnitReportReporter -->
<testsuite hostname="vkzoomin996" failures="0" tests="1" name="Javapack.Cubeofarrayandasecndingorder" time="0.008" errors="0" timestamp="2023-11-14T21:45:07 IST" skipped="0">
  <testcase classname="Javapack.Cubeofarrayandasecndingorder" name="array" time="0.008"/>
  <system-out/>
</testsuite> <!-- Javapack.Cubeofarrayandasecndingorder -->
