<?xml version="1.0" encoding="UTF-8"?>
<!-- Generated by org.testng.reporters.JUnitReportReporter -->
<testsuite hostname="vkzoomin996" failures="0" tests="1" name="StringsPrgms.Print_Min_Lenth_of_an_String_using_Array" time="0.005" errors="0" timestamp="2023-08-29T17:15:23 IST" skipped="0">
  <testcase classname="StringsPrgms.Print_Min_Lenth_of_an_String_using_Array" name="print_Lenth_of_an_String" time="0.005"/>
  <system-out/>
</testsuite> <!-- StringsPrgms.Print_Min_Lenth_of_an_String_using_Array -->
