<?xml version="1.0" encoding="UTF-8"?>
<!-- Generated by org.testng.reporters.JUnitReportReporter -->
<testsuite hostname="vkzoomin996" failures="0" tests="1" name="Javapack.FirstmininArray" time="0.010" errors="0" timestamp="2023-08-28T21:06:22 IST" skipped="0">
  <testcase classname="Javapack.FirstmininArray" name="firstmininarray" time="0.010"/>
  <system-out/>
</testsuite> <!-- Javapack.FirstmininArray -->
