<?xml version="1.0" encoding="UTF-8"?>
<!-- Generated by org.testng.reporters.JUnitReportReporter -->
<testsuite hostname="vkzoomin996" failures="0" tests="1" name="StringsPrgms.AddingNumbersInaString" time="0.005" errors="0" timestamp="2023-10-23T21:10:57 IST" skipped="0">
  <testcase classname="StringsPrgms.AddingNumbersInaString" name="addingNumbersInaString" time="0.005"/>
  <system-out/>
</testsuite> <!-- StringsPrgms.AddingNumbersInaString -->
