<?xml version="1.0" encoding="UTF-8"?>
<!-- Generated by org.testng.reporters.JUnitReportReporter -->
<testsuite hostname="vkzoomin996" failures="0" tests="1" name="Javapack.Marging2Arrays" time="0.007" errors="0" timestamp="2023-11-14T22:03:49 IST" skipped="0">
  <testcase classname="Javapack.Marging2Arrays" name="revvv" time="0.007"/>
  <system-out/>
</testsuite> <!-- Javapack.Marging2Arrays -->
