<?xml version="1.0" encoding="UTF-8"?>
<!-- Generated by org.testng.reporters.JUnitReportReporter -->
<testsuite hostname="vkzoomin996" failures="0" tests="1" name="StringsPrgms.PositionofeachcharinanString" time="0.008" errors="0" timestamp="2023-11-15T22:27:06 IST" skipped="0">
  <testcase classname="StringsPrgms.PositionofeachcharinanString" name="positionofeachcharinanString1" time="0.008"/>
  <system-out/>
</testsuite> <!-- StringsPrgms.PositionofeachcharinanString -->
