<?xml version="1.0" encoding="UTF-8"?>
<!-- Generated by org.testng.reporters.JUnitReportReporter -->
<testsuite hostname="vkzoomin996" failures="0" tests="1" name="StringsPrgms.Countnoofduplicateinanstrong" time="0.008" errors="0" timestamp="2023-08-28T11:38:30 IST" skipped="0">
  <testcase classname="StringsPrgms.Countnoofduplicateinanstrong" name="countnoofduplicateinanstrong" time="0.008"/>
  <system-out/>
</testsuite> <!-- StringsPrgms.Countnoofduplicateinanstrong -->
