<?xml version="1.0" encoding="UTF-8"?>
<!-- Generated by org.testng.reporters.JUnitReportReporter -->
<testsuite hostname="vkzoomin996" failures="0" tests="1" name="Collection.kk" time="0.007" errors="0" timestamp="2023-11-07T22:09:40 IST" skipped="0">
  <testcase classname="Collection.kk" name="how_to_find_Length_without_length_method" time="0.007"/>
  <system-out/>
</testsuite> <!-- Collection.kk -->
