<?xml version="1.0" encoding="UTF-8"?>
<!-- Generated by org.testng.reporters.JUnitReportReporter -->
<testsuite hostname="vkzoomin996" failures="0" tests="1" name="Javapack.FindfirstminnoinArraywithoutusingbbsort" time="0.009" errors="0" timestamp="2023-10-08T21:33:29 IST" skipped="0">
  <testcase classname="Javapack.FindfirstminnoinArraywithoutusingbbsort" name="findfirstminnoinArraywithoutusingbbsort" time="0.009"/>
  <system-out/>
</testsuite> <!-- Javapack.FindfirstminnoinArraywithoutusingbbsort -->
