<?xml version="1.0" encoding="UTF-8"?>
<!-- Generated by org.testng.reporters.JUnitReportReporter -->
<testsuite hostname="vkzoomin996" failures="0" tests="1" name="java_interview.Interview" time="0.008" errors="0" timestamp="2023-11-14T21:34:20 IST" skipped="0">
  <testcase classname="java_interview.Interview" name="reverseEachWord" time="0.008"/>
  <system-out/>
</testsuite> <!-- java_interview.Interview -->
