<?xml version="1.0" encoding="UTF-8"?>
<!-- Generated by org.testng.reporters.JUnitReportReporter -->
<testsuite hostname="vkzoomin996" failures="0" tests="1" name="StringsPrgms.ReverseGivenString" time="0.006" errors="0" timestamp="2023-11-15T22:33:20 IST" skipped="0">
  <testcase classname="StringsPrgms.ReverseGivenString" name="reverseGivenString" time="0.006"/>
  <system-out/>
</testsuite> <!-- StringsPrgms.ReverseGivenString -->
