<?xml version="1.0" encoding="UTF-8"?>
<!-- Generated by org.testng.reporters.JUnitReportReporter -->
<testsuite hostname="vkzoomin996" failures="0" tests="1" name="StringsPrgms.SecondLargestelementinanarraywithoutusingsorting" time="0.008" errors="0" timestamp="2023-10-02T22:53:18 IST" skipped="0">
  <testcase classname="StringsPrgms.SecondLargestelementinanarraywithoutusingsorting" name="secondLargestelementinanarraywithoutusingsorting" time="0.008"/>
  <system-out/>
</testsuite> <!-- StringsPrgms.SecondLargestelementinanarraywithoutusingsorting -->
