<?xml version="1.0" encoding="UTF-8"?>
<!-- Generated by org.testng.reporters.JUnitReportReporter -->
<testsuite hostname="vkzoomin996" failures="0" tests="1" name="Javapack.Find_missing_no_in_Array" time="0.006" errors="0" timestamp="2023-11-14T21:46:02 IST" skipped="0">
  <testcase classname="Javapack.Find_missing_no_in_Array" name="method2" time="0.006"/>
  <system-out/>
</testsuite> <!-- Javapack.Find_missing_no_in_Array -->
