<?xml version="1.0" encoding="UTF-8"?>
<!-- Generated by org.testng.reporters.JUnitReportReporter -->
<testsuite hostname="vkzoomin996" failures="0" tests="1" name="java_interview.Pattern" time="0.008" errors="0" timestamp="2023-11-14T21:36:33 IST" skipped="0">
  <testcase classname="java_interview.Pattern" name="pattern3" time="0.008"/>
  <system-out/>
</testsuite> <!-- java_interview.Pattern -->
