<?xml version="1.0" encoding="UTF-8"?>
<!-- Generated by org.testng.reporters.JUnitReportReporter -->
<testsuite hostname="vkzoomin996" failures="0" tests="1" name="StringsPrgms.Reversearray" time="0.007" errors="0" timestamp="2023-11-15T22:32:48 IST" skipped="0">
  <testcase classname="StringsPrgms.Reversearray" name="reversearray" time="0.007"/>
  <system-out/>
</testsuite> <!-- StringsPrgms.Reversearray -->
