<?xml version="1.0" encoding="UTF-8"?>
<!-- Generated by org.testng.reporters.JUnitReportReporter -->
<testsuite hostname="vkzoomin996" failures="0" tests="1" name="Javapack.SortinganarrayinadendingOrder" time="0.006" errors="0" timestamp="2023-10-23T19:56:51 IST" skipped="0">
  <testcase classname="Javapack.SortinganarrayinadendingOrder" name="sortinganarrayindesendingOrder" time="0.006"/>
  <system-out/>
</testsuite> <!-- Javapack.SortinganarrayinadendingOrder -->
