<?xml version="1.0" encoding="UTF-8"?>
<!-- Generated by org.testng.reporters.JUnitReportReporter -->
<testsuite hostname="vkzoomin996" failures="0" tests="1" name="StringsPrgms.ReverseString" time="0.007" errors="0" timestamp="2023-11-15T22:35:43 IST" skipped="0">
  <testcase classname="StringsPrgms.ReverseString" name="reverseString1" time="0.007"/>
  <system-out/>
</testsuite> <!-- StringsPrgms.ReverseString -->
