<?xml version="1.0" encoding="UTF-8"?>
<!-- Generated by org.testng.reporters.JUnitReportReporter -->
<testsuite hostname="vkzoomin996" failures="0" tests="1" name="StringsPrgms.SegregateAlphabeticnumsandspclcharfromgivenString" time="0.010" errors="0" timestamp="2023-10-23T22:11:21 IST" skipped="0">
  <testcase classname="StringsPrgms.SegregateAlphabeticnumsandspclcharfromgivenString" name="SegregateAlphabeticnumsandspclcharfromgivenString" time="0.010"/>
  <system-out/>
</testsuite> <!-- StringsPrgms.SegregateAlphabeticnumsandspclcharfromgivenString -->
