<?xml version="1.0" encoding="UTF-8"?>
<!-- Generated by org.testng.reporters.JUnitReportReporter -->
<testsuite hostname="vkzoomin996" failures="0" tests="1" name="PatternPrgms.Patterns" time="0.006" errors="0" timestamp="2023-11-15T23:00:17 IST" skipped="0">
  <testcase classname="PatternPrgms.Patterns" name="geg" time="0.006"/>
  <system-out/>
</testsuite> <!-- PatternPrgms.Patterns -->
