<?xml version="1.0" encoding="UTF-8"?>
<!-- Generated by org.testng.reporters.JUnitReportReporter -->
<testsuite hostname="vkzoomin996" failures="0" tests="1" name="Printprimefrom1to30" time="0.011" errors="0" timestamp="2023-11-07T22:04:14 IST" skipped="0">
  <testcase classname="Printprimefrom1to30" name="printprimefrom1to30" time="0.011"/>
  <system-out/>
</testsuite> <!-- Printprimefrom1to30 -->
