<?xml version="1.0" encoding="UTF-8"?>
<!-- Generated by org.testng.reporters.JUnitReportReporter -->
<testsuite hostname="vkzoomin996" failures="0" tests="1" name="Javapack.SEarch_ele_in_an_array" time="0.006" errors="0" timestamp="2023-11-14T22:23:51 IST" skipped="0">
  <testcase classname="Javapack.SEarch_ele_in_an_array" name="reverse_each_world_in_a_String" time="0.006"/>
  <system-out/>
</testsuite> <!-- Javapack.SEarch_ele_in_an_array -->
