<?xml version="1.0" encoding="UTF-8"?>
<!-- Generated by org.testng.reporters.JUnitReportReporter -->
<testsuite hostname="vkzoomin996" failures="0" tests="1" name="StringsPrgms.CountTheNOfvowelInAStringWithoutDuplicate" time="0.010" errors="0" timestamp="2023-11-07T23:54:14 IST" skipped="0">
  <testcase classname="StringsPrgms.CountTheNOfvowelInAStringWithoutDuplicate" name="countTheNOfvowelInAStringWithoutDuplicate" time="0.010"/>
  <system-out/>
</testsuite> <!-- StringsPrgms.CountTheNOfvowelInAStringWithoutDuplicate -->
