<?xml version="1.0" encoding="UTF-8"?>
<!-- Generated by org.testng.reporters.JUnitReportReporter -->
<testsuite hostname="vkzoomin996" failures="0" tests="1" name="Javapack.Swapingtwousing3rd" time="0.010" errors="0" timestamp="2023-10-02T22:15:50 IST" skipped="0">
  <testcase classname="Javapack.Swapingtwousing3rd" name="swaping2nousing3rdvariable" time="0.010"/>
  <system-out/>
</testsuite> <!-- Javapack.Swapingtwousing3rd -->
