<?xml version="1.0" encoding="UTF-8"?>
<!-- Generated by org.testng.reporters.JUnitReportReporter -->
<testsuite hostname="vkzoomin996" failures="0" tests="1" name="java_interview.CharacterCount" time="0.006" errors="0" timestamp="2023-11-14T20:48:09 IST" skipped="0">
  <testcase classname="java_interview.CharacterCount" name="teckon1" time="0.006"/>
  <system-out/>
</testsuite> <!-- java_interview.CharacterCount -->
