<?xml version="1.0" encoding="UTF-8"?>
<!-- Generated by org.testng.reporters.JUnitReportReporter -->
<testsuite hostname="vkzoomin996" failures="0" tests="1" name="Collection.List_to_set" time="0.005" errors="0" timestamp="2023-11-14T19:31:15 IST" skipped="0">
  <testcase classname="Collection.List_to_set" name="list_to_set" time="0.005"/>
  <system-out/>
</testsuite> <!-- Collection.List_to_set -->
