<?xml version="1.0" encoding="UTF-8"?>
<!-- Generated by org.testng.reporters.JUnitReportReporter -->
<testsuite hostname="vkzoomin996" failures="0" tests="1" name="PatternPrgms.Patternno" time="0.005" errors="0" timestamp="2023-11-15T23:01:56 IST" skipped="0">
  <testcase classname="PatternPrgms.Patternno" name="pattern4" time="0.005"/>
  <system-out/>
</testsuite> <!-- PatternPrgms.Patternno -->
