<?xml version="1.0" encoding="UTF-8"?>
<!-- Generated by org.testng.reporters.JUnitReportReporter -->
<testsuite hostname="vkzoomin996" failures="0" tests="1" name="Collection.AddingArrayList" time="0.010" errors="0" timestamp="2023-10-22T19:22:10 IST" skipped="0">
  <testcase classname="Collection.AddingArrayList" name="addingArrayList" time="0.010"/>
  <system-out/>
</testsuite> <!-- Collection.AddingArrayList -->
