<?xml version="1.0" encoding="UTF-8"?>
<!-- Generated by org.testng.reporters.JUnitReportReporter -->
<testsuite hostname="vkzoomin996" failures="0" tests="1" name="StringsPrgms.Print_Lenth_of_an_String" time="0.005" errors="0" timestamp="2023-08-29T10:05:28 IST" skipped="0">
  <testcase classname="StringsPrgms.Print_Lenth_of_an_String" name="print_Lenth_of_an_String" time="0.005"/>
  <system-out/>
</testsuite> <!-- StringsPrgms.Print_Lenth_of_an_String -->
