<?xml version="1.0" encoding="UTF-8"?>
<!-- Generated by org.testng.reporters.JUnitReportReporter -->
<testsuite hostname="vkzoomin996" failures="0" tests="1" name="Javapack.FindfirstMaxnoinArraywithoutusingbbsort" time="0.005" errors="0" timestamp="2023-10-23T18:58:37 IST" skipped="0">
  <testcase classname="Javapack.FindfirstMaxnoinArraywithoutusingbbsort" name="findfirstMaxnoinArraywithoutusingbbsort" time="0.005"/>
  <system-out/>
</testsuite> <!-- Javapack.FindfirstMaxnoinArraywithoutusingbbsort -->
