<?xml version="1.0" encoding="UTF-8"?>
<!-- Generated by org.testng.reporters.JUnitReportReporter -->
<testsuite hostname="vkzoomin996" failures="0" tests="1" name="Javapack.Firstand2ndminnowithoutbbsort" time="0.013" errors="0" timestamp="2023-11-07T23:29:21 IST" skipped="0">
  <testcase classname="Javapack.Firstand2ndminnowithoutbbsort" name="firstand2ndminnowithoutbbsort" time="0.013"/>
  <system-out/>
</testsuite> <!-- Javapack.Firstand2ndminnowithoutbbsort -->
