<?xml version="1.0" encoding="UTF-8"?>
<!-- Generated by org.testng.reporters.JUnitReportReporter -->
<testsuite hostname="vkzoomin996" failures="0" tests="1" name="PrimenosGivenArray" time="0.007" errors="0" timestamp="2023-11-14T19:18:07 IST" skipped="0">
  <testcase classname="PrimenosGivenArray" name="reverse" time="0.007"/>
  <system-out/>
</testsuite> <!-- PrimenosGivenArray -->
