<?xml version="1.0" encoding="UTF-8"?>
<!-- Generated by org.testng.reporters.JUnitReportReporter -->
<testsuite hostname="vkzoomin996" failures="0" tests="1" name="StringsPrgms.SumOf2Digits" time="0.006" errors="0" timestamp="2023-11-15T22:46:33 IST" skipped="0">
  <testcase classname="StringsPrgms.SumOf2Digits" name="SumOf2Digits" time="0.006"/>
  <system-out/>
</testsuite> <!-- StringsPrgms.SumOf2Digits -->
