<?xml version="1.0" encoding="UTF-8"?>
<!-- Generated by org.testng.reporters.JUnitReportReporter -->
<testsuite hostname="vkzoomin996" failures="0" tests="1" name="Javapack.Sumof1st3minno" time="0.006" errors="0" timestamp="2023-10-29T16:58:09 IST" skipped="0">
  <testcase classname="Javapack.Sumof1st3minno" name="sumof1st3minnousingbubblesort" time="0.006"/>
  <system-out/>
</testsuite> <!-- Javapack.Sumof1st3minno -->
