<?xml version="1.0" encoding="UTF-8"?>
<!-- Generated by org.testng.reporters.JUnitReportReporter -->
<testsuite hostname="vkzoomin996" failures="0" tests="1" name="Javapack.pattrn" time="0.007" errors="0" timestamp="2023-11-14T22:10:58 IST" skipped="0">
  <testcase classname="Javapack.pattrn" name="trbtb" time="0.007"/>
  <system-out/>
</testsuite> <!-- Javapack.pattrn -->
