<?xml version="1.0" encoding="UTF-8"?>
<!-- Generated by org.testng.reporters.JUnitReportReporter -->
<testsuite hostname="vkzoomin996" failures="0" tests="1" name="This_and_Super.TThis" time="0.024" errors="0" timestamp="2023-11-15T11:29:22 IST" skipped="0">
  <testcase classname="This_and_Super.TThis" name="fnjewj" time="0.024"/>
  <system-out/>
</testsuite> <!-- This_and_Super.TThis -->
