<?xml version="1.0" encoding="UTF-8"?>
<!-- Generated by org.testng.reporters.JUnitReportReporter -->
<testsuite hostname="vkzoomin996" failures="0" tests="1" name="Javapack.FirstmaxArray" time="0.007" errors="0" timestamp="2023-11-14T21:50:55 IST" skipped="0">
  <testcase classname="Javapack.FirstmaxArray" name="firstmaxnonarray" time="0.007"/>
  <system-out/>
</testsuite> <!-- Javapack.FirstmaxArray -->
