<?xml version="1.0" encoding="UTF-8"?>
<!-- Generated by org.testng.reporters.JUnitReportReporter -->
<testsuite hostname="vkzoomin996" failures="0" tests="1" name="Javapack.Count_numbe_of_digits" time="0.006" errors="0" timestamp="2023-11-14T21:44:21 IST" skipped="0">
  <testcase classname="Javapack.Count_numbe_of_digits" name="bench" time="0.006"/>
  <system-out/>
</testsuite> <!-- Javapack.Count_numbe_of_digits -->
