<?xml version="1.0" encoding="UTF-8"?>
<!-- Generated by org.testng.reporters.JUnitReportReporter -->
<testsuite hostname="vkzoomin996" failures="0" tests="1" name="Javapack.Sortinganarray" time="0.005" errors="0" timestamp="2023-08-23T11:01:27 IST" skipped="0">
  <testcase classname="Javapack.Sortinganarray" name="sortinganarrayinasendingOrder" time="0.005"/>
  <system-out/>
</testsuite> <!-- Javapack.Sortinganarray -->
