<?xml version="1.0" encoding="UTF-8"?>
<!-- Generated by org.testng.reporters.JUnitReportReporter -->
<testsuite hostname="vkzoomin996" failures="0" tests="1" name="Javapack.Findthe_orderof_occurence" time="0.008" errors="0" timestamp="2023-11-14T21:48:48 IST" skipped="0">
  <testcase classname="Javapack.Findthe_orderof_occurence" name="findthe_orderof_occurence_of_number" time="0.008"/>
  <system-out/>
</testsuite> <!-- Javapack.Findthe_orderof_occurence -->
