<?xml version="1.0" encoding="UTF-8"?>
<!-- Generated by org.testng.reporters.JUnitReportReporter -->
<testsuite hostname="vkzoomin996" failures="0" tests="1" name="Javapack.Missinele" time="0.008" errors="0" timestamp="2023-11-07T23:38:43 IST" skipped="0">
  <testcase classname="Javapack.Missinele" name="missinele" time="0.008"/>
  <system-out/>
</testsuite> <!-- Javapack.Missinele -->
