<?xml version="1.0" encoding="UTF-8"?>
<!-- Generated by org.testng.reporters.JUnitReportReporter -->
<testsuite hostname="vkzoomin996" failures="0" tests="1" name="Practice.Adding2array" time="0.007" errors="0" timestamp="2023-10-06T17:45:39 IST" skipped="0">
  <testcase classname="Practice.Adding2array" name="pubi" time="0.007"/>
  <system-out/>
</testsuite> <!-- Practice.Adding2array -->
