<?xml version="1.0" encoding="UTF-8"?>
<!-- Generated by org.testng.reporters.JUnitReportReporter -->
<testsuite hostname="vkzoomin996" failures="0" tests="1" name="Collection.Bench" time="0.007" errors="0" timestamp="2023-10-26T15:34:03 IST" skipped="0">
  <testcase classname="Collection.Bench" name="bench" time="0.007"/>
  <system-out/>
</testsuite> <!-- Collection.Bench -->
