<?xml version="1.0" encoding="UTF-8"?>
<!-- Generated by org.testng.reporters.JUnitReportReporter -->
<testsuite hostname="vkzoomin996" failures="0" tests="1" name="Practice.practice" time="0.007" errors="0" timestamp="2023-10-26T16:24:58 IST" skipped="0">
  <testcase classname="Practice.practice" name="prglm1" time="0.007"/>
  <system-out/>
</testsuite> <!-- Practice.practice -->
