<?xml version="1.0" encoding="UTF-8"?>
<!-- Generated by org.testng.reporters.JUnitReportReporter -->
<testsuite hostname="vkzoomin996" failures="0" tests="1" name="Javapack.Multipicationof1st3minno" time="0.009" errors="0" timestamp="2023-11-07T23:39:34 IST" skipped="0">
  <testcase classname="Javapack.Multipicationof1st3minno" name="multipicationof1st3minno" time="0.009"/>
  <system-out/>
</testsuite> <!-- Javapack.Multipicationof1st3minno -->
