<?xml version="1.0" encoding="UTF-8"?>
<!-- Generated by org.testng.reporters.JUnitReportReporter -->
<testsuite hostname="vkzoomin996" failures="0" tests="1" name="StringsPrgms.Stringprgms1" time="0.006" errors="0" timestamp="2023-10-23T22:23:03 IST" skipped="0">
  <testcase classname="StringsPrgms.Stringprgms1" name="CharacterPosition" time="0.006"/>
  <system-out/>
</testsuite> <!-- StringsPrgms.Stringprgms1 -->
